<?xml version="1.0" encoding="UTF-8"?>
<!-- Generated by org.testng.reporters.JUnitXMLReporter -->
<testsuite ignored="0" hostname="aswinn" failures="0" tests="6" name="Default test" time="42.788" errors="0" timestamp="2024-11-02T19:55:54 IST">
  <testcase classname="basepkg.Baseclass" name="openurl" time="3.624"/>
  <testcase classname="testpkg.Testclass" name="TitleVerification" time="0.025"/>
  <testcase classname="testpkg.Testclass" name="TextVerification" time="0.069"/>
  <testcase classname="testpkg.Testclass" name="Verifylogin" time="32.26"/>
  <testcase classname="testpkg.Testclass" name="Screenshotmtd" time="0.291"/>
  <testcase classname="testpkg.Testclass" name="Addtocartmtd" time="4.765"/>
</testsuite> <!-- Default test -->
