<?xml version="1.0" encoding="UTF-8"?>
<testng-results ignored="0" total="6" passed="6" failed="0" skipped="0">
  <reporter-output>
  </reporter-output>
  <suite started-at="2024-11-02T19:55:11 IST" name="Default suite" finished-at="2024-11-02T19:55:54 IST" duration-ms="42788">
    <groups>
    </groups>
    <test started-at="2024-11-02T19:55:11 IST" name="Default test" finished-at="2024-11-02T19:55:54 IST" duration-ms="42788">
      <class name="testpkg.Testclass">
        <test-method is-config="true" signature="setUp()[pri:0, instance:testpkg.Testclass@5b1669c0]" started-at="2024-11-02T19:55:11 IST" name="setUp" finished-at="2024-11-02T19:55:13 IST" duration-ms="1692" status="PASS">
          <reporter-output>
          </reporter-output>
        </test-method> <!-- setUp -->
        <test-method signature="openurl()[pri:0, instance:testpkg.Testclass@5b1669c0]" started-at="2024-11-02T19:55:13 IST" name="openurl" finished-at="2024-11-02T19:55:17 IST" duration-ms="3624" status="PASS">
          <reporter-output>
          </reporter-output>
        </test-method> <!-- openurl -->
        <test-method signature="TitleVerification()[pri:1, instance:testpkg.Testclass@5b1669c0]" started-at="2024-11-02T19:55:17 IST" name="TitleVerification" finished-at="2024-11-02T19:55:17 IST" duration-ms="25" status="PASS">
          <reporter-output>
          </reporter-output>
        </test-method> <!-- TitleVerification -->
        <test-method signature="TextVerification()[pri:2, instance:testpkg.Testclass@5b1669c0]" started-at="2024-11-02T19:55:17 IST" name="TextVerification" finished-at="2024-11-02T19:55:17 IST" duration-ms="69" status="PASS">
          <reporter-output>
          </reporter-output>
        </test-method> <!-- TextVerification -->
        <test-method signature="Verifylogin()[pri:3, instance:testpkg.Testclass@5b1669c0]" started-at="2024-11-02T19:55:17 IST" name="Verifylogin" finished-at="2024-11-02T19:55:49 IST" duration-ms="32260" status="PASS">
          <reporter-output>
          </reporter-output>
        </test-method> <!-- Verifylogin -->
        <test-method signature="Screenshotmtd()[pri:4, instance:testpkg.Testclass@5b1669c0]" started-at="2024-11-02T19:55:49 IST" name="Screenshotmtd" finished-at="2024-11-02T19:55:49 IST" duration-ms="291" status="PASS">
          <reporter-output>
          </reporter-output>
        </test-method> <!-- Screenshotmtd -->
        <test-method signature="Addtocartmtd()[pri:5, instance:testpkg.Testclass@5b1669c0]" started-at="2024-11-02T19:55:49 IST" name="Addtocartmtd" finished-at="2024-11-02T19:55:54 IST" duration-ms="4765" status="PASS">
          <reporter-output>
          </reporter-output>
        </test-method> <!-- Addtocartmtd -->
      </class> <!-- testpkg.Testclass -->
    </test> <!-- Default test -->
  </suite> <!-- Default suite -->
</testng-results>
